<?xml version='1.0' encoding='UTF-8'?>
<testsuite hostname="valladolid" name="com.hp.hpl.graphitti.loaders.GraphWrongLoadingTest" tests="1" errors="0" failures="1" time="0.118">
                <properties>
[...]
</properties>
                <testcase classname="com.hp.hpl.graphitti.loaders.GraphWrongLoadingTest" name="GraphLoader should recover from failure derived from parsing crappy data" time="0.118"> <failure message="db\retail2Go\index does not exist" type="java.lang.IllegalArgumentException">java.lang.IllegalArgumentException: db\retail2Go\index does not exist
	at org.apache.commons.io.FileUtils.cleanDirectory(FileUtils.java:1637)
	at org.apache.commons.io.FileUtils.deleteDirectory(FileUtils.java:1535)
	at org.apache.commons.io.FileUtils.forceDelete(FileUtils.java:2270)
	at org.apache.commons.io.FileUtils.cleanDirectory(FileUtils.java:1653)
	at com.hp.hpl.graphitti.loaders.GraphWrongLoadingTest$$anonfun$2.apply$mcV$sp(GremlinTest.scala:165)
	at com.hp.hpl.graphitti.loaders.GraphWrongLoadingTest$$anonfun$2.apply(GremlinTest.scala:160)
	at com.hp.hpl.graphitti.loaders.GraphWrongLoadingTest$$anonfun$2.apply(GremlinTest.scala:160)
	at org.scalatest.Transformer$$anonfun$apply$1.apply$mcV$sp(Transformer.scala:22)
	at org.scalatest.OutcomeOf$class.outcomeOf(OutcomeOf.scala:85)
	at org.scalatest.OutcomeOf$.outcomeOf(OutcomeOf.scala:104)
	at org.scalatest.Transformer.apply(Transformer.scala:22)
	at org.scalatest.Transformer.apply(Transformer.scala:20)
	at org.scalatest.FlatSpecLike$$anon$1.apply(FlatSpecLike.scala:1647)
	at org.scalatest.Suite$class.withFixture(Suite.scala:1122)
	at org.scalatest.FlatSpec.withFixture(FlatSpec.scala:1683)
	at org.scalatest.FlatSpecLike$class.invokeWithFixture$1(FlatSpecLike.scala:1644)
	at org.scalatest.FlatSpecLike$$anonfun$runTest$1.apply(FlatSpecLike.scala:1656)
	at org.scalatest.FlatSpecLike$$anonfun$runTest$1.apply(FlatSpecLike.scala:1656)
	at org.scalatest.SuperEngine.runTestImpl(Engine.scala:306)
	at org.scalatest.FlatSpecLike$class.runTest(FlatSpecLike.scala:1656)
	at org.scalatest.FlatSpec.runTest(FlatSpec.scala:1683)
	at org.scalatest.FlatSpecLike$$anonfun$runTests$1.apply(FlatSpecLike.scala:1714)
	at org.scalatest.FlatSpecLike$$anonfun$runTests$1.apply(FlatSpecLike.scala:1714)
	at org.scalatest.SuperEngine$$anonfun$traverseSubNodes$1$1.apply(Engine.scala:413)
	at org.scalatest.SuperEngine$$anonfun$traverseSubNodes$1$1.apply(Engine.scala:401)
	at scala.collection.immutable.List.foreach(List.scala:318)
	at org.scalatest.SuperEngine.traverseSubNodes$1(Engine.scala:401)
	at org.scalatest.SuperEngine.org$scalatest$SuperEngine$$runTestsInBranch(Engine.scala:390)
	at org.scalatest.SuperEngine$$anonfun$traverseSubNodes$1$1.apply(Engine.scala:427)
	at org.scalatest.SuperEngine$$anonfun$traverseSubNodes$1$1.apply(Engine.scala:401)
	at scala.collection.immutable.List.foreach(List.scala:318)
	at org.scalatest.SuperEngine.traverseSubNodes$1(Engine.scala:401)
	at org.scalatest.SuperEngine.org$scalatest$SuperEngine$$runTestsInBranch(Engine.scala:396)
	at org.scalatest.SuperEngine.runTestsImpl(Engine.scala:483)
	at org.scalatest.FlatSpecLike$class.runTests(FlatSpecLike.scala:1714)
	at org.scalatest.FlatSpec.runTests(FlatSpec.scala:1683)
	at org.scalatest.Suite$class.run(Suite.scala:1424)
	at org.scalatest.FlatSpec.org$scalatest$FlatSpecLike$$super$run(FlatSpec.scala:1683)
	at org.scalatest.FlatSpecLike$$anonfun$run$1.apply(FlatSpecLike.scala:1760)
	at org.scalatest.FlatSpecLike$$anonfun$run$1.apply(FlatSpecLike.scala:1760)
	at org.scalatest.SuperEngine.runImpl(Engine.scala:545)
	at org.scalatest.FlatSpecLike$class.run(FlatSpecLike.scala:1760)
	at org.scalatest.FlatSpec.run(FlatSpec.scala:1683)
	at org.scalatest.tools.Framework.org$scalatest$tools$Framework$$runSuite(Framework.scala:462)
	at org.scalatest.tools.Framework$ScalaTestTask.execute(Framework.scala:671)
	at sbt.TestRunner.runTest$1(TestFramework.scala:84)
	at sbt.TestRunner.run(TestFramework.scala:94)
	at sbt.TestFramework$$anon$2$$anonfun$$init$$1$$anonfun$apply$8.apply(TestFramework.scala:219)
	at sbt.TestFramework$$anon$2$$anonfun$$init$$1$$anonfun$apply$8.apply(TestFramework.scala:219)
	at sbt.TestFramework$.sbt$TestFramework$$withContextLoader(TestFramework.scala:207)
	at sbt.TestFramework$$anon$2$$anonfun$$init$$1.apply(TestFramework.scala:219)
	at sbt.TestFramework$$anon$2$$anonfun$$init$$1.apply(TestFramework.scala:219)
	at sbt.TestFunction.apply(TestFramework.scala:224)
	at sbt.Tests$$anonfun$7.apply(Tests.scala:196)
	at sbt.Tests$$anonfun$7.apply(Tests.scala:196)
	at sbt.std.Transform$$anon$3$$anonfun$apply$2.apply(System.scala:45)
	at sbt.std.Transform$$anon$3$$anonfun$apply$2.apply(System.scala:45)
	at sbt.std.Transform$$anon$4.work(System.scala:64)
	at sbt.Execute$$anonfun$submit$1$$anonfun$apply$1.apply(Execute.scala:237)
	at sbt.Execute$$anonfun$submit$1$$anonfun$apply$1.apply(Execute.scala:237)
	at sbt.ErrorHandling$.wideConvert(ErrorHandling.scala:18)
	at sbt.Execute.work(Execute.scala:244)
	at sbt.Execute$$anonfun$submit$1.apply(Execute.scala:237)
	at sbt.Execute$$anonfun$submit$1.apply(Execute.scala:237)
	at sbt.ConcurrentRestrictions$$anon$4$$anonfun$1.apply(ConcurrentRestrictions.scala:160)
	at sbt.CompletionService$$anon$2.call(CompletionService.scala:30)
	at java.util.concurrent.FutureTask.run(FutureTask.java:266)
	at java.util.concurrent.Executors$RunnableAdapter.call(Executors.java:511)
	at java.util.concurrent.FutureTask.run(FutureTask.java:266)
	at java.util.concurrent.ThreadPoolExecutor.runWorker(ThreadPoolExecutor.java:1142)
	at java.util.concurrent.ThreadPoolExecutor$Worker.run(ThreadPoolExecutor.java:617)
	at java.lang.Thread.run(Thread.java:745)
</failure>
                    </testcase>
                <system-out></system-out>
                <system-err></system-err>
                </testsuite>