[debug] Running TaskDef(com.hp.hpl.graphitti.loaders.GraphMovieLoaderTest, org.scalatest.tools.Framework$$anon$1@3d45f265, false, [SuiteSelector])
[info] Run completed in 18 minutes, 4 seconds.
[info] Total number of tests run: 1
[info] Suites: completed 1, aborted 0
[info] Tests: succeeded 0, failed 1, canceled 0, ignored 0, pending 0
[info] *** 1 TEST FAILED ***
[error] Failed tests:
[error] 	com.hp.hpl.graphitti.loaders.GraphMovieLoaderTest
[error] (test:testOnly) sbt.TestsFailedException: Tests unsuccessful
